<?xml version="1.0" encoding="UTF-8"?>
<!-- Generated by org.testng.reporters.JUnitReportReporter -->
<testsuite hostname="Raunak" failures="0" tests="1" name="RestAssuredPrograms.RestAssured_001" time="1.734" errors="0" timestamp="2023-10-22T01:07:49 IST" skipped="0">
  <testcase classname="RestAssuredPrograms.RestAssured_001" name="testMethod" time="1.734"/>
  <system-out/>
</testsuite> <!-- RestAssuredPrograms.RestAssured_001 -->
