<?xml version="1.0" encoding="UTF-8"?>
<!-- Generated by org.testng.reporters.JUnitReportReporter -->
<testsuite hostname="Raunak" failures="0" tests="1" name="TestNG.ExampleClass5_IncludeExclude" time="0.001" errors="0" timestamp="2023-10-22T13:17:13 IST" skipped="0">
  <testcase classname="TestNG.ExampleClass5_IncludeExclude" name="testMethod51" time="0.001"/>
  <system-out/>
</testsuite> <!-- TestNG.ExampleClass5_IncludeExclude -->
