<?xml version="1.0" encoding="UTF-8"?>
<!-- Generated by org.testng.reporters.JUnitReportReporter -->
<testsuite hostname="Raunak" failures="0" tests="1" name="RestAssuredPrograms.RestAssured_001" time="6.937" errors="0" timestamp="2023-10-22T12:20:25 IST" skipped="0">
  <testcase classname="RestAssuredPrograms.RestAssured_001" name="testMethod2" time="6.937"/>
  <system-out/>
</testsuite> <!-- RestAssuredPrograms.RestAssured_001 -->
