<?xml version="1.0" encoding="UTF-8"?>
<!-- Generated by org.testng.reporters.JUnitReportReporter -->
<testsuite hostname="Raunak" failures="0" tests="1" name="RestAssuredPrograms.RestAssured_002" time="2.190" errors="0" timestamp="2023-10-22T12:42:37 IST" skipped="0">
  <testcase classname="RestAssuredPrograms.RestAssured_002" name="testMethod3" time="2.190"/>
  <system-out/>
</testsuite> <!-- RestAssuredPrograms.RestAssured_002 -->
