<?xml version="1.0" encoding="UTF-8"?>
<!-- Generated by org.testng.reporters.JUnitReportReporter -->
<testsuite hostname="Raunak" failures="0" tests="3" name="TestNG.ExampleCLass2_Enabled" time="0.002" errors="0" timestamp="2023-10-22T13:17:13 IST" skipped="1">
  <testcase classname="TestNG.ExampleCLass2_Enabled" name="testMethod22" time="0.001"/>
  <system-out/>
  <testcase classname="TestNG.ExampleCLass2_Enabled" name="testMethod23" time="0.001"/>
  <system-out/>
  <testcase classname="TestNG.ExampleCLass2_Enabled" name="testMethod21">
    <skipped/>
  </testcase> <!-- testMethod21 -->
  <system-out/>
</testsuite> <!-- TestNG.ExampleCLass2_Enabled -->
