<?xml version="1.0" encoding="UTF-8"?>
<!-- Generated by org.testng.reporters.JUnitReportReporter -->
<testsuite hostname="Raunak" failures="0" tests="9" name="TestNG.ExampleClass1" time="1.035" errors="1" timestamp="2023-10-22T13:17:13 IST" skipped="1">
  <testcase classname="TestNG.ExampleClass1" name="testMethod12" time="0.006"/>
  <system-out/>
  <testcase classname="TestNG.ExampleClass1" name="testMethod13" time="0.005"/>
  <system-out/>
  <testcase classname="TestNG.ExampleClass1" name="testMethod14" time="0.003"/>
  <system-out/>
  <testcase classname="TestNG.ExampleClass1" name="testMethod19" time="1.015">
    <error message="Method TestNG.ExampleClass1.testMethod19() didn&#039;t finish within the time-out 1000" type="org.testng.internal.thread.ThreadTimeoutException">
      <![CDATA[org.testng.internal.thread.ThreadTimeoutException: Method TestNG.ExampleClass1.testMethod19() didn't finish within the time-out 1000
at org.testng.internal.MethodInvocationHelper.invokeWithTimeoutWithNoExecutor(MethodInvocationHelper.java:322)
at org.testng.internal.MethodInvocationHelper.invokeWithTimeout(MethodInvocationHelper.java:280)
at org.testng.internal.TestInvoker.invokeMethod(TestInvoker.java:603)
at org.testng.internal.TestInvoker.invokeTestMethod(TestInvoker.java:173)
at org.testng.internal.MethodRunner.runInSequence(MethodRunner.java:46)
at org.testng.internal.TestInvoker$MethodInvocationAgent.invoke(TestInvoker.java:816)
at org.testng.internal.TestInvoker.invokeTestMethods(TestInvoker.java:146)
at org.testng.internal.TestMethodWorker.invokeTestMethods(TestMethodWorker.java:146)
at org.testng.internal.TestMethodWorker.run(TestMethodWorker.java:128)
at java.base/java.util.concurrent.ThreadPoolExecutor.runWorker(ThreadPoolExecutor.java:1130)
at java.base/java.util.concurrent.ThreadPoolExecutor$Worker.run(ThreadPoolExecutor.java:630)
at java.base/java.lang.Thread.run(Thread.java:832)
]]>
    </error>
  </testcase> <!-- testMethod19 -->
  <system-out/>
  <testcase classname="TestNG.ExampleClass1" name="testMethod18" time="0.003"/>
  <system-out/>
  <testcase classname="TestNG.ExampleClass1" name="testMethod17" time="0.000">
    <skipped/>
  </testcase> <!-- testMethod17 -->
  <system-out/>
  <testcase classname="TestNG.ExampleClass1" name="testMethod16" time="0.001"/>
  <system-out/>
  <testcase classname="TestNG.ExampleClass1" name="testMethod15" time="0.001"/>
  <system-out/>
  <testcase classname="TestNG.ExampleClass1" name="testMethod11" time="0.001"/>
  <system-out/>
</testsuite> <!-- TestNG.ExampleClass1 -->
