<?xml version="1.0" encoding="UTF-8"?>
<!-- Generated by org.testng.reporters.JUnitReportReporter -->
<testsuite hostname="Raunak" failures="0" tests="1" name="TestNG.ExampleCLass3_Exception" time="0.002" errors="0" timestamp="2023-10-22T13:17:13 IST" skipped="0">
  <testcase classname="TestNG.ExampleCLass3_Exception" name="testMethod31" time="0.002"/>
  <system-out/>
</testsuite> <!-- TestNG.ExampleCLass3_Exception -->
