<?xml version="1.0" encoding="UTF-8"?>
<!-- Generated by org.testng.reporters.JUnitReportReporter -->
<testsuite hostname="Raunak" failures="0" tests="1" name="RestAssuredPrograms.RestAssured_003" time="2.044" errors="0" timestamp="2023-10-22T12:59:06 IST" skipped="0">
  <testcase classname="RestAssuredPrograms.RestAssured_003" name="testMethod3" time="2.044"/>
  <system-out/>
</testsuite> <!-- RestAssuredPrograms.RestAssured_003 -->
