<?xml version="1.0" encoding="UTF-8"?>
<!-- Generated by org.testng.reporters.JUnitReportReporter -->
<testsuite hostname="Raunak" failures="0" tests="3" name="TestNG.ExampleClass4_DataProvider" time="0.006" errors="0" timestamp="2023-10-22T13:17:13 IST" skipped="0">
  <testcase classname="TestNG.ExampleClass4_DataProvider" name="testMethod17" time="0.001"/>
  <system-out/>
  <testcase classname="TestNG.ExampleClass4_DataProvider" name="testMethod17" time="0.003"/>
  <system-out/>
  <testcase classname="TestNG.ExampleClass4_DataProvider" name="testMethod17" time="0.002"/>
  <system-out/>
</testsuite> <!-- TestNG.ExampleClass4_DataProvider -->
